TN:
SF:controller.js
FN:4,(anonymous_0)
FN:42,(anonymous_1)
FN:49,(anonymous_2)
FN:63,(anonymous_3)
FN:98,(anonymous_4)
FNF:5
FNH:5
FNDA:10,(anonymous_0)
FNDA:6,(anonymous_1)
FNDA:6,(anonymous_2)
FNDA:5,(anonymous_3)
FNDA:5,(anonymous_4)
DA:1,3
DA:4,3
DA:5,10
DA:6,10
DA:7,10
DA:8,2
DA:12,8
DA:13,7
DA:14,3
DA:18,4
DA:24,4
DA:25,4
DA:36,1
DA:42,3
DA:43,6
DA:44,6
DA:45,5
DA:49,6
DA:58,1
DA:63,3
DA:64,5
DA:65,5
DA:66,5
DA:68,5
DA:80,4
DA:93,2
DA:98,3
DA:99,5
DA:100,5
DA:101,5
DA:102,4
DA:111,2
DA:118,3
LF:33
LH:33
BRDA:7,0,0,2
BRDA:7,0,1,8
BRDA:7,1,0,10
BRDA:7,1,1,10
BRDA:7,1,2,8
BRDA:13,2,0,3
BRDA:13,2,1,4
BRF:7
BRH:7
end_of_record
TN:
SF:customerModel.js
FNF:0
FNH:0
DA:1,3
DA:3,3
DA:18,3
DA:20,3
LF:4
LH:4
BRF:0
BRH:0
end_of_record
TN:
SF:routes.js
FNF:0
FNH:0
DA:1,1
DA:2,1
DA:4,1
DA:6,1
DA:7,1
DA:8,1
DA:9,1
DA:11,1
LF:8
LH:8
BRF:0
BRH:0
end_of_record
